Solution to puzzle: 1116
         8883549 function calls (8881808 primitive calls) in 11.700 seconds

   Ordered by: internal time

   ncalls  tottime  percall  cumtime  percall filename:lineno(function)
  1265309    4.075    0.000    4.075    0.000 part2.py:291(check_collision)
  2899368    2.803    0.000    4.852    0.000 part2.py:329(check_moving)
        1    2.256    2.256   11.574   11.574 part2.py:424(main_loop)
  2899368    2.049    0.000    2.049    0.000 part2.py:41(generate_neighbours)
   892641    0.314    0.000    0.314    0.000 part2.py:348(get_new_place)
   821548    0.071    0.000    0.071    0.000 {method 'pop' of 'dict' objects}
      114    0.013    0.000    0.013    0.000 {built-in method marshal.loads}
       18    0.012    0.001    0.013    0.001 {built-in method _imp.create_dynamic}
      143    0.010    0.000    0.013    0.000 <frozen importlib._bootstrap>:477(_init_module_attrs)
    37438    0.007    0.000    0.007    0.000 {method 'append' of 'list' objects}
  226/225    0.004    0.000    0.006    0.000 {built-in method builtins.__build_class__}
      310    0.004    0.000    0.013    0.000 <frozen importlib._bootstrap_external>:1498(find_spec)
      623    0.004    0.000    0.004    0.000 {built-in method posix.stat}
      614    0.002    0.000    0.003    0.000 _inspect.py:65(getargs)
      114    0.002    0.000    0.002    0.000 {built-in method io.open_code}
      115    0.002    0.000    0.002    0.000 {method 'read' of '_io.BufferedReader' objects}
     3928    0.002    0.000    0.002    0.000 {built-in method builtins.getattr}
      326    0.002    0.000    0.003    0.000 functools.py:34(update_wrapper)
     1605    0.002    0.000    0.004    0.000 <frozen importlib._bootstrap_external>:121(_path_join)
     1605    0.002    0.000    0.002    0.000 <frozen importlib._bootstrap_external>:123(<listcomp>)
      314    0.001    0.000    0.011    0.000 overrides.py:170(decorator)
    18/13    0.001    0.000    0.007    0.001 {built-in method _imp.exec_dynamic}
      487    0.001    0.000    0.001    0.000 <frozen importlib._bootstrap>:78(acquire)
      284    0.001    0.000    0.006    0.000 overrides.py:88(verify_matching_signatures)
      114    0.001    0.000    0.024    0.000 <frozen importlib._bootstrap_external>:914(get_code)
      228    0.001    0.000    0.003    0.000 <frozen importlib._bootstrap_external>:354(cache_from_source)
    130/1    0.001    0.000   11.700   11.700 {built-in method builtins.exec}
      487    0.001    0.000    0.002    0.000 <frozen importlib._bootstrap>:157(_get_module_lock)
        1    0.001    0.001    0.001    0.001 part2.py:9(parse_input)
     5878    0.001    0.000    0.001    0.000 {built-in method builtins.isinstance}
      150    0.001    0.000    0.018    0.000 <frozen importlib._bootstrap>:890(_find_spec)
    377/8    0.001    0.000    0.121    0.015 {built-in method builtins.__import__}
      317    0.001    0.000    0.005    0.000 function_base.py:483(add_newdoc)
    40/21    0.001    0.000    0.003    0.000 sre_parse.py:493(_parse)
      618    0.001    0.000    0.004    0.000 _inspect.py:96(getargspec)
      487    0.001    0.000    0.001    0.000 <frozen importlib._bootstrap>:103(release)
      114    0.001    0.000    0.005    0.000 <frozen importlib._bootstrap_external>:1034(get_data)
      139    0.001    0.000    0.016    0.000 <frozen importlib._bootstrap_external>:1367(_get_spec)
       13    0.001    0.000    0.292    0.022 __init__.py:1(<module>)
    153/1    0.001    0.000    0.125    0.125 <frozen importlib._bootstrap>:986(_find_and_load)
       15    0.001    0.000    0.002    0.000 __init__.py:313(namedtuple)
     2100    0.001    0.000    0.001    0.000 {method 'join' of 'str' objects}
     1719    0.001    0.000    0.001    0.000 <frozen importlib._bootstrap>:222(_verbose_message)
    143/1    0.001    0.000    0.124    0.124 <frozen importlib._bootstrap>:650(_load_unlocked)
     3440    0.001    0.000    0.001    0.000 {method 'rstrip' of 'str' objects}
   201/15    0.001    0.000    0.121    0.008 <frozen importlib._bootstrap>:1017(_handle_fromlist)
       11    0.001    0.000    0.001    0.000 {built-in method _imp.create_builtin}
      619    0.001    0.000    0.001    0.000 {built-in method __new__ of type object at 0x909780}
      228    0.001    0.000    0.001    0.000 <frozen importlib._bootstrap_external>:127(_path_split)
    153/1    0.001    0.000    0.125    0.125 <frozen importlib._bootstrap>:956(_find_and_load_unlocked)
     1501    0.001    0.000    0.001    0.000 {built-in method builtins.hasattr}
       28    0.001    0.000    0.001    0.000 inspect.py:625(cleandoc)
      334    0.001    0.000    0.003    0.000 <frozen importlib._bootstrap>:194(_lock_unlock_module)
    76/21    0.001    0.000    0.002    0.000 sre_compile.py:71(_compile)
      132    0.001    0.000    0.001    0.000 <frozen importlib._bootstrap_external>:689(spec_from_file_location)
       14    0.000    0.000    0.000    0.000 {built-in method posix.listdir}
       38    0.000    0.000    0.001    0.000 sre_compile.py:276(_optimize_charset)
       18    0.000    0.000    0.000    0.000 arrayprint.py:1564(_guarded_repr_or_str)
      317    0.000    0.000    0.001    0.000 function_base.py:451(_needs_add_docstring)
3700/3618    0.000    0.000    0.000    0.000 {built-in method builtins.len}
     1714    0.000    0.000    0.000    0.000 {built-in method builtins.setattr}
      314    0.000    0.000    0.000    0.000 {method 'replace' of 'code' objects}
     1020    0.000    0.000    0.000    0.000 {method 'rpartition' of 'str' objects}
      623    0.000    0.000    0.004    0.000 <frozen importlib._bootstrap_external>:135(_path_stat)
    114/1    0.000    0.000    0.124    0.124 <frozen importlib._bootstrap_external>:842(exec_module)
        1    0.000    0.000    0.010    0.010 numeric.py:1(<module>)
      114    0.000    0.000    0.013    0.000 <frozen importlib._bootstrap_external>:638(_compile_bytecode)
      618    0.000    0.000    0.001    0.000 _inspect.py:13(ismethod)
      568    0.000    0.000    0.001    0.000 <string>:1(__new__)
      342    0.000    0.000    0.000    0.000 <frozen importlib._bootstrap_external>:79(_unpack_uint32)
      317    0.000    0.000    0.001    0.000 function_base.py:469(_add_docstring)
  143/140    0.000    0.000    0.028    0.000 <frozen importlib._bootstrap>:549(module_from_spec)
      114    0.000    0.000    0.001    0.000 <frozen importlib._bootstrap_external>:553(_classify_pyc)
      350    0.000    0.000    0.001    0.000 <frozen importlib._bootstrap_external>:1330(_path_importer_cache)
      278    0.000    0.000    0.000    0.000 {method 'format' of 'str' objects}
      459    0.000    0.000    0.000    0.000 sre_parse.py:233(__next)
      234    0.000    0.000    0.001    0.000 {built-in method builtins.max}
      143    0.000    0.000    0.006    0.000 re.py:289(_compile)
      324    0.000    0.000    0.000    0.000 functools.py:64(wraps)
      341    0.000    0.000    0.000    0.000 {method 'strip' of 'str' objects}
      358    0.000    0.000    0.000    0.000 <frozen importlib._bootstrap>:389(parent)
      132    0.000    0.000    0.002    0.000 <frozen importlib._bootstrap_external>:484(_get_cached)
      618    0.000    0.000    0.000    0.000 _inspect.py:26(isfunction)
      342    0.000    0.000    0.000    0.000 {built-in method numpy.core._multiarray_umath.add_docstring}
      614    0.000    0.000    0.000    0.000 _inspect.py:41(iscode)
        1    0.000    0.000    0.005    0.005 fromnumeric.py:1(<module>)
      993    0.000    0.000    0.000    0.000 {built-in method _thread.get_ident}
     1067    0.000    0.000    0.000    0.000 {built-in method _imp.acquire_lock}
      152    0.000    0.000    0.000    0.000 <frozen importlib._bootstrap>:176(cb)
      496    0.000    0.000    0.000    0.000 sre_parse.py:164(__getitem__)
    89/34    0.000    0.000    0.000    0.000 sre_parse.py:174(getwidth)
      246    0.000    0.000    0.002    0.000 <frozen importlib._bootstrap>:376(cached)
      132    0.000    0.000    0.001    0.000 <frozen importlib._bootstrap_external>:1493(_get_spec)
     1067    0.000    0.000    0.000    0.000 {built-in method _imp.release_lock}
      152    0.000    0.000    0.000    0.000 <frozen importlib._bootstrap>:58(__init__)
        1    0.000    0.000    0.007    0.007 core.py:1(<module>)
      428    0.000    0.000    0.000    0.000 <frozen importlib._bootstrap>:867(__exit__)
      185    0.000    0.000    0.001    0.000 <frozen importlib._bootstrap_external>:145(_path_is_mode_type)
        1    0.000    0.000    0.005    0.005 _add_newdocs.py:1(<module>)
      351    0.000    0.000    0.000    0.000 {method 'update' of 'dict' objects}
      114    0.000    0.000    0.000    0.000 <frozen importlib._bootstrap_external>:586(_validate_timestamp_pyc)
        1    0.000    0.000    0.002    0.002 defchararray.py:1(<module>)
      456    0.000    0.000    0.000    0.000 <frozen importlib._bootstrap_external>:129(<genexpr>)
       52    0.000    0.000    0.000    0.000 core.py:894(__init__)
      890    0.000    0.000    0.000    0.000 {built-in method builtins.min}
      153    0.000    0.000    0.002    0.000 <frozen importlib._bootstrap>:147(__enter__)
        6    0.000    0.000    0.001    0.000 getlimits.py:34(__init__)
      314    0.000    0.000    0.000    0.000 overrides.py:128(array_function_dispatch)
      428    0.000    0.000    0.000    0.000 <frozen importlib._bootstrap>:863(__enter__)
        1    0.000    0.000    0.027    0.027 multiarray.py:1(<module>)
      114    0.000    0.000    0.000    0.000 <frozen importlib._bootstrap_external>:516(_check_name_wrapper)
        6    0.000    0.000    0.000    0.000 numeric.py:2536(extend_all)
       16    0.000    0.000    0.000    0.000 {built-in method _abc._abc_init}
      139    0.000    0.000    0.016    0.000 <frozen importlib._bootstrap_external>:1399(find_spec)
       24    0.000    0.000    0.001    0.000 _add_newdocs_scalars.py:71(add_newdoc_for_scalar_type)
        2    0.000    0.000    0.002    0.001 function_base.py:1(<module>)
    232/1    0.000    0.000    0.124    0.124 <frozen importlib._bootstrap>:211(_call_with_frames_removed)
      118    0.000    0.000    0.000    0.000 {built-in method numpy.array}
        1    0.000    0.000    0.003    0.003 numerictypes.py:1(<module>)
       46    0.000    0.000    0.000    0.000 _inspect.py:140(formatargspec)
        1    0.000    0.000   11.700   11.700 part2.py:2(<module>)
      114    0.000    0.000    0.000    0.000 <frozen importlib._bootstrap>:35(_new_module)
      171    0.000    0.000    0.001    0.000 <frozen importlib._bootstrap_external>:154(_path_isfile)
      346    0.000    0.000    0.000    0.000 sre_parse.py:254(get)
       40    0.000    0.000    0.000    0.000 {built-in method posix.getcwd}
        1    0.000    0.000    0.001    0.001 getlimits.py:158(_register_known_types)
      150    0.000    0.000    0.000    0.000 <frozen importlib._bootstrap>:342(__init__)
      114    0.000    0.000    0.000    0.000 {built-in method _imp._fix_co_filename}
      114    0.000    0.000    0.001    0.000 <frozen importlib._bootstrap_external>:1075(path_stats)
       21    0.000    0.000    0.005    0.000 sre_compile.py:759(compile)
    37/21    0.000    0.000    0.003    0.000 sre_parse.py:435(_parse_sub)
      329    0.000    0.000    0.000    0.000 {method 'startswith' of 'str' objects}
        1    0.000    0.000    0.000    0.000 ufunclike.py:1(<module>)
       36    0.000    0.000    0.001    0.000 getlimits.py:111(_float_to_str)
      153    0.000    0.000    0.001    0.000 <frozen importlib._bootstrap>:151(__exit__)
        1    0.000    0.000    0.013    0.013 linalg.py:1(<module>)
       63    0.000    0.000    0.000    0.000 {method 'replace' of 'str' objects}
        1    0.000    0.000    0.000    0.000 pickle.py:1136(_Unpickler)
        1    0.000    0.000    0.001    0.001 tokenize.py:1(<module>)
        1    0.000    0.000    0.000    0.000 parse.py:154(_NetlocResultMixinBase)
        1    0.000    0.000    0.001    0.001 _add_newdocs_scalars.py:1(<module>)
        1    0.000    0.000    0.004    0.004 inspect.py:1(<module>)
        1    0.000    0.000    0.000    0.000 _compat_pickle.py:9(<module>)
      400    0.000    0.000    0.000    0.000 {method 'get' of 'dict' objects}
       21    0.000    0.000    0.000    0.000 sre_compile.py:536(_compile_info)
       78    0.000    0.000    0.000    0.000 {method 'extend' of 'list' objects}
      109    0.000    0.000    0.000    0.000 {method 'match' of 're.Pattern' objects}
        1    0.000    0.000    0.002    0.002 scimath.py:1(<module>)
        1    0.000    0.000    0.001    0.001 _type_aliases.py:1(<module>)
        2    0.000    0.000    0.007    0.003 shape_base.py:1(<module>)
      307    0.000    0.000    0.000    0.000 {built-in method _thread.allocate_lock}
      153    0.000    0.000    0.000    0.000 <frozen importlib._bootstrap>:143(__init__)
        1    0.000    0.000    0.001    0.001 pickle.py:197(<listcomp>)
      229    0.000    0.000    0.000    0.000 {method 'rfind' of 'str' objects}
      139    0.000    0.000    0.000    0.000 <frozen importlib._bootstrap>:800(find_spec)
        1    0.000    0.000    0.000    0.000 core.py:2697(MaskedArray)
        1    0.000    0.000    0.001    0.001 arrayprint.py:1(<module>)
        1    0.000    0.000    0.011    0.011 twodim_base.py:1(<module>)
       12    0.000    0.000    0.000    0.000 datetime.py:488(__new__)
       14    0.000    0.000    0.000    0.000 <frozen importlib._bootstrap_external>:1459(__init__)
        1    0.000    0.000    0.004    0.004 pickle.py:1(<module>)
      107    0.000    0.000    0.001    0.000 re.py:188(match)
       14    0.000    0.000    0.000    0.000 {method 'split' of 're.Pattern' objects}
       44    0.000    0.000    0.000    0.000 {method 'split' of 'str' objects}
        1    0.000    0.000    0.000    0.000 {function SeedSequence.generate_state at 0x7fa7cbe70160}
        1    0.000    0.000    0.002    0.002 parse.py:1(<module>)
      343    0.000    0.000    0.000    0.000 {built-in method from_bytes}
      146    0.000    0.000    0.000    0.000 <frozen importlib._bootstrap_external>:175(_path_isabs)
       14    0.000    0.000    0.001    0.000 <frozen importlib._bootstrap_external>:1549(_fill_cache)
      928    0.000    0.000    0.000    0.000 {method 'lstrip' of 'str' objects}
       21    0.000    0.000    0.003    0.000 sre_parse.py:937(parse)
      151    0.000    0.000    0.000    0.000 {method 'endswith' of 'str' objects}
       14    0.000    0.000    0.001    0.000 <frozen importlib._bootstrap_external>:1317(_path_hooks)
      396    0.000    0.000    0.000    0.000 {built-in method builtins.globals}
        2    0.000    0.000    0.000    0.000 enum.py:157(__new__)
    22/12    0.000    0.000    0.000    0.000 {built-in method _abc._abc_subclasscheck}
       50    0.000    0.000    0.000    0.000 _internal.py:869(_ufunc_doc_signature_formatter)
       72    0.000    0.000    0.000    0.000 {method 'copy' of 'numpy.ndarray' objects}
      217    0.000    0.000    0.000    0.000 sre_parse.py:249(match)
        1    0.000    0.000    0.000    0.000 ctypeslib.py:373(<dictcomp>)
      114    0.000    0.000    0.000    0.000 <frozen importlib._bootstrap_external>:1004(__init__)
      119    0.000    0.000    0.000    0.000 sre_parse.py:286(tell)
       14    0.000    0.000    0.000    0.000 <frozen zipimport>:63(__init__)
      150    0.000    0.000    0.000    0.000 <frozen importlib._bootstrap>:725(find_spec)
        1    0.000    0.000    0.001    0.001 type_check.py:1(<module>)
       16    0.000    0.000    0.000    0.000 _type_aliases.py:58(bitname)
        1    0.000    0.000    0.007    0.007 pathlib.py:1(<module>)
      136    0.000    0.000    0.000    0.000 {method 'find' of 'bytearray' objects}
      362    0.000    0.000    0.000    0.000 {built-in method posix.fspath}
       38    0.000    0.000    0.000    0.000 sre_compile.py:249(_compile_charset)
        1    0.000    0.000    0.003    0.003 _methods.py:1(<module>)
        1    0.000    0.000    0.000    0.000 _string_helpers.py:9(<listcomp>)
      310    0.000    0.000    0.000    0.000 <frozen importlib._bootstrap_external>:68(_relax_case)
       21    0.000    0.000    0.000    0.000 enum.py:938(__and__)
        1    0.000    0.000    0.000    0.000 umath.py:1(<module>)
        1    0.000    0.000    0.001    0.001 ast.py:1(<module>)
      179    0.000    0.000    0.000    0.000 sre_parse.py:172(append)
        2    0.000    0.000    0.001    0.001 polynomial.py:1(<module>)
        1    0.000    0.000    0.001    0.001 datetime.py:1(<module>)
       18    0.000    0.000    0.013    0.001 <frozen importlib._bootstrap_external>:1164(create_module)
      164    0.000    0.000    0.000    0.000 sre_parse.py:160(__len__)
       29    0.000    0.000    0.000    0.000 sre_parse.py:432(_uniq)
      139    0.000    0.000    0.000    0.000 {built-in method _imp.is_frozen}
       14    0.000    0.000    0.000    0.000 __init__.py:141(_check_size)
        1    0.000    0.000    0.000    0.000 _type_aliases.py:94(_add_aliases)
       12    0.000    0.000    0.000    0.000 sre_compile.py:413(<listcomp>)
        1    0.000    0.000    0.001    0.001 npyio.py:1(<module>)
        2    0.000    0.000    0.000    0.000 {built-in method _ctypes.POINTER}
        1    0.000    0.000    0.018    0.018 index_tricks.py:1(<module>)
       26    0.000    0.000    0.000    0.000 core.py:6837(getdoc)
        1    0.000    0.000    0.001    0.001 hmac.py:1(<module>)
        3    0.000    0.000    0.000    0.000 tokenize.py:83(_all_string_prefixes)
       14    0.000    0.000    0.001    0.000 core.py:115(doc_note)
       76    0.000    0.000    0.000    0.000 {built-in method builtins.repr}
       51    0.000    0.000    0.000    0.000 {built-in method _imp.is_builtin}
      288    0.000    0.000    0.000    0.000 {built-in method builtins.chr}
       50    0.000    0.000    0.000    0.000 enum.py:313(__call__)
        1    0.000    0.000    0.000    0.000 getlimits.py:1(<module>)
        1    0.000    0.000    0.001    0.001 _ufunc_config.py:1(<module>)
       50    0.000    0.000    0.000    0.000 enum.py:631(__new__)
       50    0.000    0.000    0.001    0.000 core.py:131(get_object_signature)
       23    0.000    0.000    0.001    0.000 overrides.py:221(decorator)
       41    0.000    0.000    0.000    0.000 _add_newdocs_scalars.py:83(<genexpr>)
        1    0.000    0.000    0.003    0.003 ntpath.py:2(<module>)
        1    0.000    0.000    0.006    0.006 _internal.py:1(<module>)
       16    0.000    0.000    0.000    0.000 _type_aliases.py:44(_bits_of)
       79    0.000    0.000    0.000    0.000 sre_parse.py:111(__init__)
    18/13    0.000    0.000    0.007    0.001 <frozen importlib._bootstrap_external>:1172(exec_module)
       24    0.000    0.000    0.000    0.000 numerictypes.py:513(_scalar_type_key)
       12    0.000    0.000    0.000    0.000 sre_compile.py:411(_mk_bitmap)
       28    0.000    0.000    0.000    0.000 {method 'expandtabs' of 'str' objects}
        1    0.000    0.000    0.001    0.001 random.py:1(<module>)
        1    0.000    0.000    0.000    0.000 opcode.py:37(<listcomp>)
       82    0.000    0.000    0.000    0.000 overrides.py:121(decorator)
        1    0.000    0.000    0.000    0.000 numerictypes.py:440(_construct_lookups)
       30    0.000    0.000    0.000    0.000 _type_aliases.py:203(_add_array_type)
       83    0.000    0.000    0.000    0.000 {method 'translate' of 'str' objects}
        1    0.000    0.000    0.000    0.000 records.py:1(<module>)
        1    0.000    0.000    0.001    0.001 extras.py:1(<module>)
    23/18    0.000    0.000    0.000    0.000 sre_compile.py:461(_get_literal_prefix)
       29    0.000    0.000    0.000    0.000 {built-in method fromkeys}
       18    0.000    0.000    0.001    0.000 arrayprint.py:506(wrapper)
       93    0.000    0.000    0.000    0.000 _inspect.py:131(strseq)
       21    0.000    0.000    0.000    0.000 sre_parse.py:224(__init__)
       21    0.000    0.000    0.002    0.000 sre_compile.py:598(_code)
        1    0.000    0.000    0.001    0.001 _pocketfft.py:1(<module>)
       14    0.000    0.000    0.000    0.000 <frozen importlib._bootstrap_external>:1590(path_hook_for_FileFinder)
       16    0.000    0.000    0.001    0.000 abc.py:84(__new__)
      270    0.000    0.000    0.000    0.000 {method 'add' of 'set' objects}
       36    0.000    0.000    0.000    0.000 sre_compile.py:423(_simple)
       14    0.000    0.000    0.000    0.000 core.py:8227(getdoc)
       52    0.000    0.000    0.000    0.000 _add_newdocs.py:6753(refer_to_array_attribute)
       82    0.000    0.000    0.000    0.000 overrides.py:110(set_module)
        7    0.000    0.000    0.000    0.000 getlimits.py:668(__init__)
       19    0.000    0.000    0.000    0.000 enum.py:75(__setitem__)
       36    0.000    0.000    0.000    0.000 getlimits.py:24(_fr1)
        1    0.000    0.000    0.000    0.000 nanfunctions.py:1(<module>)
        1    0.000    0.000    0.026    0.026 overrides.py:1(<module>)
       11    0.000    0.000    0.000    0.000 <frozen importlib._bootstrap>:406(spec_from_loader)
        1    0.000    0.000    0.000    0.000 threading.py:1(<module>)
       32    0.000    0.000    0.000    0.000 _type_aliases.py:46(<genexpr>)
       36    0.000    0.000    0.000    0.000 getlimits.py:16(_fr0)
        1    0.000    0.000    0.000    0.000 stride_tricks.py:1(<module>)
       11    0.000    0.000    0.000    0.000 {built-in method _imp.exec_builtin}
        1    0.000    0.000    0.014    0.014 py3k.py:1(<module>)
      143    0.000    0.000    0.000    0.000 <frozen importlib._bootstrap>:397(has_location)
       13    0.000    0.000    0.000    0.000 mixins.py:44(_numeric_methods)
       18    0.000    0.000    0.001    0.000 arrayprint.py:1571(_array_str_implementation)
        1    0.000    0.000    0.000    0.000 _type_aliases.py:74(_add_types)
        1    0.000    0.000    0.000    0.000 opcode.py:2(<module>)
        1    0.000    0.000    0.000    0.000 _endian.py:1(<module>)
       21    0.000    0.000    0.000    0.000 {built-in method _sre.compile}
       19    0.000    0.000    0.000    0.000 enum.py:417(__setattr__)
        1    0.000    0.000    0.000    0.000 pathlib.py:629(PurePath)
        1    0.000    0.000    0.000    0.000 encoder.py:1(<module>)
        2    0.000    0.000    0.000    0.000 enum.py:200(<setcomp>)
        1    0.000    0.000    0.000    0.000 token.py:74(<dictcomp>)
        1    0.000    0.000    0.000    0.000 einsumfunc.py:1(<module>)
       26    0.000    0.000    0.000    0.000 core.py:921(__init__)
      257    0.000    0.000    0.000    0.000 hmac.py:17(<genexpr>)
        8    0.000    0.000    0.000    0.000 {method 'sub' of 're.Pattern' objects}
        1    0.000    0.000    0.015    0.015 defmatrix.py:1(<module>)
        3    0.000    0.000    0.000    0.000 {built-in method builtins.sorted}
        1    0.000    0.000    0.000    0.000 mixins.py:59(NDArrayOperatorsMixin)
       18    0.000    0.000    0.000    0.000 {built-in method _struct.calcsize}
        1    0.000    0.000    0.000    0.000 _type_aliases.py:123(_add_integer_aliases)
       13    0.000    0.000    0.000    0.000 _dtype_ctypes.py:100(dtype_from_ctypes_type)
      112    0.000    0.000    0.000    0.000 <frozen importlib._bootstrap_external>:1465(<genexpr>)
       59    0.000    0.000    0.000    0.000 abc.py:7(abstractmethod)
       36    0.000    0.000    0.000    0.000 getlimits.py:91(_float_to_float)
       17    0.000    0.000    0.000    0.000 sre_parse.py:355(_escape)
       78    0.000    0.000    0.000    0.000 _internal.py:880(<genexpr>)
      257    0.000    0.000    0.000    0.000 hmac.py:18(<genexpr>)
        1    0.000    0.000    0.000    0.000 {built-in method builtins.dir}
       68    0.000    0.000    0.000    0.000 sre_parse.py:81(groups)
        1    0.000    0.000    0.001    0.001 dis.py:1(<module>)
       88    0.000    0.000    0.000    0.000 __init__.py:385(<genexpr>)
        1    0.000    0.000    0.008    0.008 _pickle.py:1(<module>)
       88    0.000    0.000    0.000    0.000 {built-in method sys.intern}
        2    0.000    0.000    0.000    0.000 core.py:2966(__array_finalize__)
        1    0.000    0.000    0.000    0.000 _polybase.py:18(ABCPolyBase)
       13    0.000    0.000    0.000    0.000 sre_parse.py:84(opengroup)
        1    0.000    0.000    0.000    0.000 __init__.py:335(_sanity_check)
        8    0.000    0.000    0.000    0.000 _ufunc_config.py:33(seterr)
      114    0.000    0.000    0.000    0.000 <frozen importlib._bootstrap_external>:1029(get_filename)
       21    0.000    0.000    0.000    0.000 sre_parse.py:921(fix_flags)
       42    0.000    0.000    0.000    0.000 sre_compile.py:595(isstring)
       18    0.000    0.000    0.000    0.000 core.py:997(__init__)
       10    0.000    0.000    0.001    0.000 extras.py:238(getdoc)
        1    0.000    0.000    0.000    0.000 memmap.py:1(<module>)
        1    0.000    0.000    0.000    0.000 _exceptions.py:1(<module>)
       16    0.000    0.000    0.000    0.000 sre_compile.py:492(_get_charset_prefix)
        1    0.000    0.000    0.000    0.000 pathlib.py:120(_WindowsFlavour)
      120    0.000    0.000    0.000    0.000 opcode.py:39(def_op)
      180    0.000    0.000    0.000    0.000 {built-in method builtins.ord}
        1    0.000    0.000    0.000    0.000 _type_aliases.py:211(_set_array_types)
        8    0.000    0.000    0.000    0.000 {method 'remove' of 'list' objects}
        1    0.000    0.000    0.000    0.000 defchararray.py:1908(chararray)
       36    0.000    0.000    0.000    0.000 _string_helpers.py:16(english_lower)
       26    0.000    0.000    0.000    0.000 core.py:6832(__init__)
        4    0.000    0.000    0.000    0.000 sre_parse.py:267(getuntil)
        1    0.000    0.000    0.000    0.000 numbers.py:32(Complex)
        1    0.000    0.000    0.000    0.000 hashlib.py:5(<module>)
       61    0.000    0.000    0.000    0.000 _inspect.py:144(<lambda>)
       11    0.000    0.000    0.001    0.000 <frozen importlib._bootstrap>:746(create_module)
        1    0.000    0.000    0.000    0.000 utils.py:1(<module>)
      114    0.000    0.000    0.000    0.000 <frozen importlib._bootstrap_external>:839(create_module)
        8    0.000    0.000    0.000    0.000 _ufunc_config.py:132(geterr)
        1    0.000    0.000    0.000    0.000 arraysetops.py:1(<module>)
       24    0.000    0.000    0.000    0.000 sre_parse.py:295(_class_escape)
        2    0.000    0.000    0.000    0.000 {built-in method posix.uname}
       85    0.000    0.000    0.000    0.000 _compat_pickle.py:167(<genexpr>)
        1    0.000    0.000    0.000    0.000 _asarray.py:1(<module>)
        1    0.000    0.000    0.000    0.000 legendre.py:1(<module>)
        1    0.000    0.000    0.000    0.000 defmatrix.py:72(matrix)
        1    0.000    0.000    0.000    0.000 chebyshev.py:1(<module>)
       34    0.000    0.000    0.000    0.000 types.py:171(__get__)
        1    0.000    0.000    0.000    0.000 _type_aliases.py:151(_set_up_aliases)
       21    0.000    0.000    0.000    0.000 sre_parse.py:76(__init__)
       20    0.000    0.000    0.000    0.000 mixins.py:16(_binary_method)
        1    0.000    0.000    0.000    0.000 abc.py:1(<module>)
       13    0.000    0.000    0.000    0.000 _dtype_ctypes.py:71(_from_ctypes_scalar)
        1    0.000    0.000    0.000    0.000 numbers.py:4(<module>)
       47    0.000    0.000    0.000    0.000 re.py:270(escape)
       11    0.000    0.000    0.000    0.000 {built-in method _abc._abc_register}
        1    0.000    0.000    0.003    0.003 secrets.py:1(<module>)
        1    0.000    0.000    0.000    0.000 hermite.py:1(<module>)
        4    0.000    0.000    0.000    0.000 textwrap.py:414(dedent)
       76    0.000    0.000    0.000    0.000 {built-in method builtins.issubclass}
       11    0.000    0.000    0.000    0.000 <frozen importlib._bootstrap>:232(_requires_builtin_wrapper)
        1    0.000    0.000    0.000    0.000 hermite_e.py:1(<module>)
       42    0.000    0.000    0.000    0.000 getlimits.py:101(_float_conv)
        1    0.000    0.000    0.000    0.000 struct.py:3(<module>)
       38    0.000    0.000    0.000    0.000 sre_parse.py:168(__setitem__)
        1    0.000    0.000    0.000    0.000 _string_helpers.py:1(<module>)
        1    0.000    0.000    0.000    0.000 linalg.py:74(_determine_error_states)
       14    0.000    0.000    0.000    0.000 core.py:8239(_replace_return_type)
       88    0.000    0.000    0.000    0.000 {method '__contains__' of 'frozenset' objects}
        1    0.000    0.000    0.001    0.001 decoder.py:1(<module>)
       14    0.000    0.000    0.000    0.000 core.py:8222(__init__)
        1    0.000    0.000    0.000    0.000 pathlib.py:1025(Path)
        4    0.000    0.000    0.000    0.000 {method 'findall' of 're.Pattern' objects}
       92    0.000    0.000    0.000    0.000 {method 'isidentifier' of 'str' objects}
        2    0.000    0.000    0.000    0.000 {built-in method numpy.core._multiarray_umath.implement_array_function}
       14    0.000    0.000    0.000    0.000 hashlib.py:123(__get_openssl_constructor)
        1    0.000    0.000    0.000    0.000 pickle.py:407(_Pickler)
        9    0.000    0.000    0.000    0.000 {built-in method numpy.seterrobj}
        1    0.000    0.000    0.000    0.000 ctypeslib.py:1(<module>)
        1    0.000    0.000    0.000    0.000 histograms.py:1(<module>)
        1    0.000    0.000    0.000    0.000 threading.py:750(Thread)
        1    0.000    0.000    0.000    0.000 {function Random.seed at 0x7fa7cb985550}
        5    0.000    0.000    0.000    0.000 os.py:670(__getitem__)
        1    0.000    0.000    0.000    0.000 laguerre.py:1(<module>)
       18    0.000    0.000    0.000    0.000 _add_newdocs_scalars.py:19(type_aliases_gen)
        1    0.000    0.000    0.000    0.000 base64.py:3(<module>)
        2    0.000    0.000    0.000    0.000 enum.py:978(_decompose)
       24    0.000    0.000    0.000    0.000 tokenize.py:94(<listcomp>)
       13    0.000    0.000    0.000    0.000 _internal.py:917(npy_ctypes_check)
       22    0.000    0.000    0.000    0.000 sre_compile.py:65(_combine_flags)
        4    0.000    0.000    0.000    0.000 warnings.py:181(_add_filter)
       18    0.000    0.000    0.005    0.000 re.py:250(compile)
       14    0.000    0.000    0.000    0.000 <frozen importlib._bootstrap_external>:159(_path_isdir)
       10    0.000    0.000    0.000    0.000 __future__.py:83(__init__)
        1    0.000    0.000    0.003    0.003 version.py:1(<module>)
       11    0.000    0.000    0.000    0.000 abc.py:89(register)
       23    0.000    0.000    0.000    0.000 overrides.py:217(array_function_from_dispatcher)
    22/12    0.000    0.000    0.000    0.000 abc.py:100(__subclasscheck__)
       11    0.000    0.000    0.000    0.000 os.py:748(encode)
        1    0.000    0.000    0.000    0.000 _iotools.py:450(StringConverter)
       14    0.000    0.000    0.000    0.000 re.py:223(split)
       39    0.000    0.000    0.000    0.000 sre_compile.py:453(_get_iscased)
       19    0.000    0.000    0.000    0.000 enum.py:22(_is_dunder)
        1    0.000    0.000    0.000    0.000 _machar.py:1(<module>)
        1    0.000    0.000    0.000    0.000 polynomial.py:1076(poly1d)
        1    0.000    0.000    0.003    0.003 _version.py:7(<module>)
       11    0.000    0.000    0.000    0.000 <frozen importlib._bootstrap>:754(exec_module)
        1    0.000    0.000    0.000    0.000 helper.py:1(<module>)
        1    0.000    0.000    0.000    0.000 format.py:1(<module>)
       43    0.000    0.000    0.000    0.000 _compat_pickle.py:165(<genexpr>)
        1    0.000    0.000    0.000    0.000 _add_newdocs_scalars.py:18(numeric_type_aliases)
       19    0.000    0.000    0.000    0.000 enum.py:33(_is_sunder)
        2    0.000    0.000    0.000    0.000 {built-in method posix.unsetenv}
        6    0.000    0.000    0.000    0.000 _exceptions.py:17(_display_as_base)
       12    0.000    0.000    0.000    0.000 {method 'translate' of 'bytearray' objects}
        1    0.000    0.000    0.000    0.000 polyutils.py:1(<module>)
        2    0.000    0.000    0.000    0.000 contextlib.py:211(contextmanager)
        2    0.000    0.000    0.000    0.000 __init__.py:75(CFUNCTYPE)
        1    0.000    0.000    0.000    0.000 pathlib.py:399(_NormalAccessor)
       14    0.000    0.000    0.000    0.000 mixins.py:26(_reflected_binary_method)
        1    0.000    0.000    0.000    0.000 numbers.py:294(Integral)
        9    0.000    0.000    0.000    0.000 overrides.py:23(set_array_function_like_doc)
        3    0.000    0.000    0.000    0.000 warnings.py:130(filterwarnings)
       18    0.000    0.000    0.000    0.000 <frozen importlib._bootstrap_external>:1153(__init__)
       13    0.000    0.000    0.000    0.000 sre_parse.py:96(closegroup)
       10    0.000    0.000    0.001    0.000 extras.py:234(__init__)
       19    0.000    0.000    0.000    0.000 tokenize.py:58(group)
        1    0.000    0.000    0.000    0.000 arraypad.py:1(<module>)
        8    0.000    0.000    0.000    0.000 hashlib.py:79(__get_builtin_constructor)
        1    0.000    0.000    0.000    0.000 _inspect.py:1(<module>)
        1    0.000    0.000    0.000    0.000 _iotools.py:1(<module>)
        1    0.000    0.000    0.000    0.000 datetime.py:1559(datetime)
        1    0.000    0.000    0.000    0.000 __init__.py:261(_reset_cache)
        1    0.000    0.000    0.000    0.000 numbers.py:147(Real)
       42    0.000    0.000    0.000    0.000 {method 'items' of 'dict' objects}
        2    0.000    0.000    0.000    0.000 enum.py:997(<listcomp>)
        1    0.000    0.000    0.000    0.000 core.py:6527(__new__)
        1    0.000    0.000    0.000    0.000 core.py:2808(__new__)
        1    0.000    0.000    0.000    0.000 token.py:1(<module>)
       12    0.000    0.000    0.000    0.000 {built-in method builtins.round}
        1    0.000    0.000    0.000    0.000 fnmatch.py:1(<module>)
        2    0.000    0.000    0.000    0.000 enum.py:579(_find_new_)
       38    0.000    0.000    0.000    0.000 {built-in method _ctypes.sizeof}
        1    0.000    0.000    0.000    0.000 {method 'dot' of 'numpy.ndarray' objects}
        7    0.000    0.000    0.000    0.000 core.py:2544(_arraymethod)
        2    0.000    0.000    0.000    0.000 core.py:2940(_update_from)
        3    0.000    0.000    0.000    0.000 datetime.py:1567(__new__)
        2    0.000    0.000    0.000    0.000 enum.py:143(__prepare__)
        2    0.000    0.000    0.000    0.000 {built-in method posix.putenv}
       13    0.000    0.000    0.000    0.000 mixins.py:36(_inplace_binary_method)
        1    0.000    0.000    0.000    0.000 _globals.py:1(<module>)
        1    0.000    0.000    0.000    0.000 threading.py:505(__init__)
        1    0.000    0.000    0.000    0.000 _datasource.py:1(<module>)
       16    0.000    0.000    0.000    0.000 {built-in method builtins.next}
       35    0.000    0.000    0.000    0.000 datetime.py:379(_check_int_field)
        4    0.000    0.000    0.000    0.000 _ufunc_config.py:430(__enter__)
        1    0.000    0.000    0.000    0.000 __init__.py:339(__init__)
       96    0.000    0.000    0.000    0.000 {built-in method builtins.abs}
       60    0.000    0.000    0.000    0.000 {built-in method builtins.divmod}
        3    0.000    0.000    0.000    0.000 ufunclike.py:41(_fix_out_named_y)
        1    0.000    0.000    0.000    0.000 threading.py:761(__init__)
       81    0.000    0.000    0.000    0.000 {built-in method _sre.unicode_iscased}
        1    0.000    0.000    0.000    0.000 random.py:78(Random)
       16    0.000    0.000    0.000    0.000 _dtype.py:24(_kind_name)
        4    0.000    0.000    0.000    0.000 enum.py:543(_find_data_type)
        4    0.000    0.000    0.000    0.000 enum.py:932(__or__)
        1    0.000    0.000    0.000    0.000 datetime.py:2181(timezone)
        6    0.000    0.000    0.000    0.000 core.py:1146(__init__)
        1    0.000    0.000    0.000    0.000 _dtype.py:1(<module>)
        1    0.000    0.000    0.000    0.000 contextvars.py:1(<module>)
        5    0.000    0.000    0.000    0.000 datetime.py:411(_check_date_fields)
        1    0.000    0.000    0.000    0.000 _type_aliases.py:41(<setcomp>)
        1    0.000    0.000    0.000    0.000 getlimits.py:364(finfo)
        1    0.000    0.000    0.000    0.000 datetime.py:789(date)
        1    0.000    0.000    0.001    0.001 scanner.py:1(<module>)
        2    0.000    0.000    0.000    0.000 os.py:684(__delitem__)
       18    0.000    0.000    0.000    0.000 _add_newdocs_scalars.py:79(<genexpr>)
        1    0.000    0.000    0.000    0.000 _add_newdocs_scalars.py:54(_get_platform_and_machine)
        2    0.000    0.000    0.000    0.000 arrayprint.py:503(decorating_function)
        1    0.000    0.000    0.000    0.000 {built-in method _ctypes.dlopen}
        1    0.000    0.000    0.000    0.000 pathlib.py:136(<setcomp>)
        1    0.000    0.000    0.000    0.000 {built-in method builtins.print}
        1    0.000    0.000    0.000    0.000 pathlib.py:137(<setcomp>)
        2    0.000    0.000    0.000    0.000 enum.py:899(_create_pseudo_member_)
        1    0.000    0.000    0.000    0.000 numerictypes.py:588(_register_types)
        1    0.000    0.000    0.000    0.000 inspect.py:2457(Parameter)
        1    0.000    0.000    0.000    0.000 ufunclike.py:16(_deprecate_out_named_y)
       48    0.000    0.000    0.000    0.000 {method 'pop' of 'list' objects}
        2    0.000    0.000    0.000    0.000 functools.py:525(decorating_function)
        1    0.000    0.000    0.000    0.000 datetime.py:469(timedelta)
        1    0.000    0.000    0.000    0.000 datetime.py:1211(time)
        1    0.000    0.000    0.000    0.000 numbers.py:267(Rational)
        1    0.000    0.000    0.000    0.000 contextlib.py:72(inner)
        1    0.000    0.000    0.000    0.000 threading.py:1262(__init__)
        2    0.000    0.000    0.000    0.000 enum.py:522(_check_for_existing_members)
        3    0.000    0.000    0.000    0.000 _collections_abc.py:657(get)
        2    0.000    0.000    0.000    0.000 datetime.py:1236(__new__)
        1    0.000    0.000    0.000    0.000 __future__.py:1(<module>)
        1    0.000    0.000    0.000    0.000 pathlib.py:285(_PosixFlavour)
        4    0.000    0.000    0.000    0.000 enum.py:532(_get_mixins_)
      4/3    0.000    0.000    0.000    0.000 {method 'view' of 'numpy.ndarray' objects}
        1    0.000    0.000    0.000    0.000 _polybase.py:1(<module>)
       36    0.000    0.000    0.000    0.000 {method 'setdefault' of 'dict' objects}
       18    0.000    0.000    0.000    0.000 {built-in method numpy.geterrobj}
        1    0.000    0.000    0.000    0.000 records.py:308(recarray)
        1    0.000    0.000    0.000    0.000 {built-in method math.exp}
        1    0.000    0.000    0.000    0.000 mixins.py:1(<module>)
        2    0.000    0.000    0.000    0.000 contextlib.py:71(__call__)
        1    0.000    0.000    0.000    0.000 __config__.py:3(<module>)
        1    0.000    0.000    0.000    0.000 threading.py:222(__init__)
       17    0.000    0.000    0.000    0.000 {method 'values' of 'dict' objects}
        1    0.000    0.000    0.000    0.000 decoder.py:332(decode)
        4    0.000    0.000    0.000    0.000 sre_parse.py:258(getwhile)
        5    0.000    0.000    0.000    0.000 datetime.py:424(_check_time_fields)
        1    0.000    0.000    0.000    0.000 inspect.py:2742(Signature)
        2    0.000    0.000    0.000    0.000 copyreg.py:12(pickle)
        1    0.000    0.000    0.000    0.000 bisect.py:1(<module>)
        1    0.000    0.000    0.000    0.000 sre_compile.py:416(_bytes_to_codes)
        4    0.000    0.000    0.000    0.000 _ufunc_config.py:435(__exit__)
        6    0.000    0.000    0.000    0.000 _type_aliases.py:92(<genexpr>)
        1    0.000    0.000    0.000    0.000 _pytesttester.py:1(<module>)
        1    0.000    0.000    0.000    0.000 decoder.py:284(__init__)
       19    0.000    0.000    0.000    0.000 {method 'get' of 'mappingproxy' objects}
       15    0.000    0.000    0.000    0.000 {built-in method sys._getframe}
        9    0.000    0.000    0.000    0.000 _pytesttester.py:76(__init__)
       68    0.000    0.000    0.000    0.000 {built-in method _sre.unicode_tolower}
        1    0.000    0.000    0.000    0.000 _exceptions.py:38(_UFuncBinaryResolutionError)
        1    0.000    0.000    0.000    0.000 arrayprint.py:1351(StructuredVoidFormat)
       10    0.000    0.000    0.000    0.000 {method 'setter' of 'property' objects}
        1    0.000    0.000    0.000    0.000 _internal.py:248(_ctypes)
        2    0.000    0.000    0.000    0.000 _collections_abc.py:72(_check_methods)
        1    0.000    0.000    0.000    0.000 decoder.py:343(raw_decode)
        1    0.000    0.000    0.002    0.002 linecache.py:1(<module>)
       11    0.000    0.000    0.000    0.000 {method 'encode' of 'str' objects}
        9    0.000    0.000    0.000    0.000 enum.py:12(_is_descriptor)
        1    0.000    0.000    0.000    0.000 core.py:6517(MaskedConstant)
        1    0.000    0.000    0.000    0.000 _internal.py:613(_Stream)
        3    0.000    0.000    0.000    0.000 ufunclike.py:58(_fix_and_maybe_deprecate_out_named_y)
        1    0.000    0.000    0.000    0.000 random.py:123(seed)
       24    0.000    0.000    0.000    0.000 {method 'lower' of 'str' objects}
        1    0.000    0.000    0.000    0.000 {method 'decode' of 'bytes' objects}
       20    0.000    0.000    0.000    0.000 _inspect.py:142(<lambda>)
        1    0.000    0.000    0.000    0.000 polynomial.py:1472(Polynomial)
        4    0.000    0.000    0.000    0.000 getlimits.py:692(max)
       12    0.000    0.000    0.000    0.000 opcode.py:43(name_op)
        1    0.000    0.000    0.000    0.000 _globals.py:80(__new__)
        1    0.000    0.000    0.000    0.000 __init__.py:299(loads)
        1    0.000    0.000    0.000    0.000 arrayterator.py:1(<module>)
       12    0.000    0.000    0.000    0.000 {method 'islower' of 'str' objects}
       21    0.000    0.000    0.000    0.000 _inspect.py:143(<lambda>)
        1    0.000    0.000   11.575   11.575 part2.py:517(solve_puzzle)
       18    0.000    0.000    0.000    0.000 {built-in method builtins.id}
        1    0.000    0.000    0.000    0.000 parse.py:364(_fix_result_transcoding)
        1    0.000    0.000    0.000    0.000 __init__.py:153(py_object)
        1    0.000    0.000    0.000    0.000 threading.py:903(_set_tstate_lock)
        3    0.000    0.000    0.000    0.000 __init__.py:498(PYFUNCTYPE)
        1    0.000    0.000    0.000    0.000 inspect.py:2428(_ParameterKind)
       36    0.000    0.000    0.000    0.000 {method 'upper' of 'str' objects}
        1    0.000    0.000    0.000    0.000 numeric.py:150(ones)
        1    0.000    0.000    0.000    0.000 hmac.py:26(HMAC)
        5    0.000    0.000    0.000    0.000 _ufunc_config.py:426(__init__)
        1    0.000    0.000    0.000    0.000 chebyshev.py:1995(Chebyshev)
        2    0.000    0.000    0.000    0.000 sre_compile.py:432(_generate_overlap_table)
        1    0.000    0.000    0.000    0.000 getlimits.py:32(MachArLike)
        1    0.000    0.000    0.000    0.000 _iotools.py:229(NameValidator)
        5    0.000    0.000    0.000    0.000 enum.py:1015(_power_of_two)
        1    0.000    0.000    0.000    0.000 legendre.py:1619(Legendre)
        2    0.000    0.000    0.000    0.000 os.py:678(__setitem__)
        3    0.000    0.000    0.000    0.000 __init__.py:499(CFunctionType)
        1    0.000    0.000    0.000    0.000 _ufunc_config.py:441(_setdef)
        2    0.000    0.000    0.000    0.000 enum.py:68(__init__)
        1    0.000    0.000    0.000    0.000 hermite.py:1658(Hermite)
        1    0.000    0.000    0.000    0.000 hermite_e.py:1650(HermiteE)
        1    0.000    0.000    0.000    0.000 _dtype_ctypes.py:1(<module>)
       18    0.000    0.000    0.000    0.000 {method 'discard' of 'set' objects}
        1    0.000    0.000    0.000    0.000 <__array_function__ internals>:177(concatenate)
        1    0.000    0.000    0.000    0.000 laguerre.py:1606(Laguerre)
       23    0.000    0.000    0.000    0.000 enum.py:748(name)
        1    0.000    0.000    0.000    0.000 {built-in method _hashlib.openssl_sha1}
        1    0.000    0.000    0.000    0.000 threading.py:94(_RLock)
        2    0.000    0.000    0.000    0.000 functools.py:487(lru_cache)
        3    0.000    0.000    0.000    0.000 enum.py:957(_high_bit)
        3    0.000    0.000    0.000    0.000 index_tricks.py:323(__init__)
        1    0.000    0.000    0.000    0.000 {built-in method numpy.empty}
        1    0.000    0.000    0.000    0.000 records.py:223(record)
        1    0.000    0.000    0.000    0.000 getlimits.py:613(iinfo)
        8    0.000    0.000    0.000    0.000 getlimits.py:153(_register_type)
        1    0.000    0.000    0.000    0.000 _exceptions.py:224(_ArrayMemoryError)
        1    0.000    0.000    0.000    0.000 core.py:191(<listcomp>)
        1    0.000    0.000    0.000    0.000 _weakrefset.py:36(__init__)
        4    0.000    0.000    0.000    0.000 re.py:203(sub)
        1    0.000    0.000    0.000    0.000 posixpath.py:71(join)
        1    0.000    0.000    0.000    0.000 ctypeslib.py:362(_get_scalar_type_map)
        2    0.000    0.000    0.000    0.000 core.py:6620(__setattr__)
        1    0.000    0.000    0.000    0.000 {method 'view' of 'numpy.generic' objects}
        2    0.000    0.000    0.000    0.000 datetime.py:819(__new__)
        1    0.000    0.000    0.000    0.000 <__array_function__ internals>:177(copyto)
        1    0.000    0.000    0.000    0.000 random.py:721(getrandbits)
        1    0.000    0.000    0.000    0.000 function_base.py:2117(vectorize)
        1    0.000    0.000    0.000    0.000 _internal.py:216(_getintp_ctype)
        2    0.000    0.000    0.000    0.000 {method 'sort' of 'list' objects}
        1    0.000    0.000    0.000    0.000 posixpath.py:150(dirname)
        1    0.000    0.000    0.000    0.000 _globals.py:93(_CopyMode)
        1    0.000    0.000    0.000    0.000 __init__.py:318(CDLL)
        1    0.000    0.000    0.000    0.000 core.py:3115(view)
        4    0.000    0.000    0.000    0.000 mixins.py:51(_unary_method)
        2    0.000    0.000    0.000    0.000 _collections_abc.py:664(__contains__)
        2    0.000    0.000    0.000    0.000 pathlib.py:61(__init__)
       11    0.000    0.000    0.000    0.000 <frozen importlib._bootstrap>:771(is_package)
        1    0.000    0.000    0.000    0.000 threading.py:341(notify)
        1    0.000    0.000    0.000    0.000 _datasource.py:74(_FileOpeners)
        1    0.000    0.000    0.000    0.000 pickle.py:200(_Framer)
        1    0.000    0.000    0.000    0.000 threading.py:494(Event)
        1    0.000    0.000    0.000    0.000 __init__.py:187(<dictcomp>)
        2    0.000    0.000    0.000    0.000 core.py:6721(__init__)
        1    0.000    0.000    0.000    0.000 {method 'union' of 'set' objects}
        1    0.000    0.000    0.000    0.000 datetime.py:1141(tzinfo)
       11    0.000    0.000    0.000    0.000 enum.py:753(value)
        1    0.000    0.000    0.000    0.000 core.py:6322(mvoid)
        1    0.000    0.000    0.000    0.000 warnings.py:165(simplefilter)
        1    0.000    0.000    0.000    0.000 threading.py:573(Barrier)
        1    0.000    0.000    0.000    0.000 memmap.py:22(memmap)
        1    0.000    0.000    0.000    0.000 index_tricks.py:619(ndindex)
        1    0.000    0.000    0.000    0.000 __init__.py:216(<dictcomp>)
        1    0.000    0.000    0.000    0.000 pathlib.py:57(_Flavour)
        2    0.000    0.000    0.000    0.000 enum.py:889(_missing_)
        1    0.000    0.000    0.000    0.000 _machar.py:17(MachAr)
        2    0.000    0.000    0.000    0.000 {built-in method posix.register_at_fork}
        1    0.000    0.000    0.000    0.000 __init__.py:255(<dictcomp>)
        1    0.000    0.000    0.000    0.000 os.py:1073(__subclasshook__)
        1    0.000    0.000    0.000    0.000 _internal.py:204(dummy_ctype)
        2    0.000    0.000    0.000    0.000 random.py:94(__init__)
        1    0.000    0.000    0.000    0.000 inspect.py:2612(BoundArguments)
        6    0.000    0.000    0.000    0.000 opcode.py:47(jrel_op)
        4    0.000    0.000    0.000    0.000 core.py:3405(dtype)
        1    0.000    0.000    0.000    0.000 index_tricks.py:313(AxisConcatenator)
        1    0.000    0.000    0.000    0.000 {built-in method _thread.get_native_id}
        5    0.000    0.000    0.000    0.000 {method 'insert' of 'list' objects}
        1    0.000    0.000    0.000    0.000 npyio.py:106(NpzFile)
        1    0.000    0.000    0.000    0.000 _datasource.py:196(DataSource)
        8    0.000    0.000    0.000    0.000 {method 'items' of 'mappingproxy' objects}
        1    0.000    0.000    0.000    0.000 {built-in method posix.urandom}
        3    0.000    0.000    0.000    0.000 datetime.py:41(_days_before_year)
        2    0.000    0.000    0.000    0.000 datetime.py:661(__neg__)
        1    0.000    0.000    0.000    0.000 threading.py:519(set)
        1    0.000    0.000    0.000    0.000 random.py:103(__init_subclass__)
        1    0.000    0.000    0.000    0.000 parse.py:191(_NetlocResultMixinStr)
        1    0.000    0.000    0.000    0.000 pathlib.py:601(_PathParents)
        1    0.000    0.000    0.000    0.000 core.py:1125(_DomainedBinaryOperation)
        1    0.000    0.000    0.000    0.000 {built-in method _abc._abc_instancecheck}
        1    0.000    0.000    0.000    0.000 _ufunc_config.py:30(<dictcomp>)
        1    0.000    0.000    0.000    0.000 extras.py:1567(__init__)
        1    0.000    0.000    0.000    0.000 parse.py:797(Quoter)
        5    0.000    0.000    0.000    0.000 opcode.py:51(jabs_op)
        1    0.000    0.000    0.000    0.000 abc.py:96(__instancecheck__)
        2    0.000    0.000    0.000    0.000 enum.py:370(__getattr__)
        1    0.000    0.000    0.000    0.000 _ufunc_config.py:367(errstate)
        1    0.000    0.000    0.000    0.000 records.py:87(format_parser)
        2    0.000    0.000    0.000    0.000 __init__.py:437(__init__)
        1    0.000    0.000    0.000    0.000 arrayprint.py:905(FloatingFormat)
        1    0.000    0.000    0.000    0.000 arrayterator.py:16(Arrayterator)
        1    0.000    0.000    0.000    0.000 py3k.py:84(contextlib_nullcontext)
        1    0.000    0.000    0.000    0.000 parse.py:221(_NetlocResultMixinBytes)
        6    0.000    0.000    0.000    0.000 core.py:846(__init__)
        1    0.000    0.000    0.000    0.000 _version.py:14(NumpyVersion)
        2    0.000    0.000    0.000    0.000 enum.py:175(<dictcomp>)
        1    0.000    0.000    0.000    0.000 core.py:1283(_replace_dtype_fields_recursive)
        1    0.000    0.000    0.000    0.000 ast.py:347(NodeVisitor)
        2    0.000    0.000    0.000    0.000 __init__.py:101(CFunctionType)
        1    0.000    0.000    0.000    0.000 _exceptions.py:54(_UFuncNoLoopError)
        1    0.000    0.000    0.000    0.000 _version.py:1(<module>)
        1    0.000    0.000    0.000    0.000 pickle.py:263(_Unframer)
        3    0.000    0.000    0.000    0.000 datetime.py:2201(_create)
        1    0.000    0.000    0.000    0.000 arrayprint.py:1304(DatetimeFormat)
        1    0.000    0.000    0.000    0.000 _exceptions.py:81(_UFuncInputCastingError)
        1    0.000    0.000    0.000    0.000 extras.py:1519(MAxisConcatenator)
        1    0.000    0.000    0.000    0.000 sre_parse.py:861(_parse_flags)
        1    0.000    0.000    0.000    0.000 {method 'find' of 'str' objects}
        5    0.000    0.000    0.000    0.000 datetime.py:46(_days_in_month)
        3    0.000    0.000    0.000    0.000 __init__.py:405(<genexpr>)
        1    0.000    0.000    0.000    0.000 _exceptions.py:99(_UFuncOutputCastingError)
        1    0.000    0.000    0.000    0.000 _datasource.py:536(Repository)
        1    0.000    0.000    0.000    0.000 encoder.py:73(JSONEncoder)
        1    0.000    0.000    0.000    0.000 decoder.py:254(JSONDecoder)
        1    0.000    0.000    0.000    0.000 dis.py:479(Bytecode)
        1    0.000    0.000    0.000    0.000 _internal.py:239(_missing_ctypes)
        1    0.000    0.000    0.000    0.000 {built-in method _hashlib.openssl_md5}
        1    0.000    0.000    0.000    0.000 encoder.py:104(__init__)
        1    0.000    0.000    0.000    0.000 threading.py:210(Condition)
        1    0.000    0.000    0.000    0.000 __init__.py:367(_FuncPtr)
        1    0.000    0.000    0.000    0.000 core.py:1315(_replace_dtype_fields)
        1    0.000    0.000    0.000    0.000 _collections_abc.py:349(__subclasshook__)
        1    0.000    0.000    0.000    0.000 core.py:190(<listcomp>)
        1    0.000    0.000    0.000    0.000 __init__.py:436(LibraryLoader)
        1    0.000    0.000    0.000    0.000 _datasource.py:99(__init__)
        1    0.000    0.000    0.000    0.000 _exceptions.py:72(_UFuncCastingError)
        1    0.000    0.000    0.000    0.000 _exceptions.py:132(AxisError)
        3    0.000    0.000    0.000    0.000 core.py:806(__init__)
        1    0.000    0.000    0.000    0.000 core.py:6545(__array_finalize__)
        1    0.000    0.000    0.000    0.000 stride_tricks.py:15(DummyArray)
        1    0.000    0.000    0.000    0.000 core.py:2372(_MaskedPrintOption)
        1    0.000    0.000    0.000    0.000 index_tricks.py:257(__init__)
        1    0.000    0.000    0.000    0.000 pathlib.py:1569(WindowsPath)
        2    0.000    0.000    0.000    0.000 {built-in method builtins.any}
        1    0.000    0.000    0.000    0.000 __init__.py:396(PyDLL)
        1    0.000    0.000    0.000    0.000 {method 'tolist' of 'memoryview' objects}
        2    0.000    0.000    0.000    0.000 {built-in method math.log}
        1    0.000    0.000    0.000    0.000 tokenize.py:45(TokenInfo)
        1    0.000    0.000    0.000    0.000 _weakrefset.py:81(add)
        1    0.000    0.000    0.000    0.000 parse.py:146(_ResultMixinBytes)
        1    0.000    0.000    0.000    0.000 core.py:6712(_extrema_operation)
        1    0.000    0.000    0.000    0.000 index_tricks.py:570(ndenumerate)
        1    0.000    0.000    0.000    0.000 pathlib.py:479(_Selector)
        1    0.000    0.000    0.000    0.000 parse.py:326(DefragResult)
        1    0.000    0.000    0.000    0.000 core.py:8209(_convert2ma)
        1    0.000    0.000    0.000    0.000 threading.py:364(notify_all)
        1    0.000    0.000    0.000    0.000 _endian.py:23(_swapped_meta)
        1    0.000    0.000    0.000    0.000 pathlib.py:557(_RecursiveWildcardSelector)
        1    0.000    0.000    0.000    0.000 {method 'cast' of 'memoryview' objects}
        1    0.000    0.000    0.000    0.000 _pytesttester.py:46(PytestTester)
        2    0.000    0.000    0.000    0.000 index_tricks.py:145(__init__)
        1    0.000    0.000    0.000    0.000 index_tricks.py:264(OGridClass)
        9    0.000    0.000    0.000    0.000 _globals.py:86(__repr__)
        1    0.000    0.000    0.000    0.000 ast.py:405(NodeTransformer)
        1    0.000    0.000    0.000    0.000 ctypeslib.py:204(_concrete_ndptr)
        1    0.000    0.000    0.000    0.000 threading.py:249(__exit__)
        4    0.000    0.000    0.000    0.000 core.py:6521(__has_singleton)
        1    0.000    0.000    0.000    0.000 parse.py:138(_ResultMixinStr)
        1    0.000    0.000    0.000    0.000 _exceptions.py:32(UFuncTypeError)
        2    0.000    0.000    0.000    0.000 {method 'copy' of 'list' objects}
        1    0.000    0.000    0.000    0.000 arrayprint.py:1245(ComplexFloatingFormat)
        1    0.000    0.000    0.000    0.000 _version.py:20(get_versions)
        1    0.000    0.000    0.000    0.000 core.py:977(_MaskedBinaryOperation)
        1    0.000    0.000    0.000    0.000 threading.py:900(_set_native_id)
        1    0.000    0.000    0.000    0.000 core.py:2589(MaskedIterator)
        1    0.000    0.000    0.000    0.000 arrayprint.py:1278(_TimelikeFormat)
        2    0.000    0.000    0.000    0.000 {built-in method maketrans}
        5    0.000    0.000    0.000    0.000 datetime.py:441(_check_tzinfo_arg)
        1    0.000    0.000    0.000    0.000 threading.py:246(__enter__)
        1    0.000    0.000    0.000    0.000 random.py:709(SystemRandom)
        1    0.000    0.000    0.000    0.000 parse.py:334(SplitResult)
        3    0.000    0.000    0.000    0.000 {built-in method builtins.callable}
        1    0.000    0.000    0.000    0.000 core.py:195(<listcomp>)
        1    0.000    0.000    0.000    0.000 _iotools.py:133(LineSplitter)
        1    0.000    0.000    0.000    0.000 ctypeslib.py:183(_ndptr)
        3    0.000    0.000    0.000    0.000 core.py:1362(getmask)
        3    0.000    0.000    0.000    0.000 enum.py:223(<genexpr>)
        2    0.000    0.000    0.000    0.000 core.py:3421(shape)
        1    0.000    0.000    0.000    0.000 index_tricks.py:110(nd_grid)
        4    0.000    0.000    0.000    0.000 {built-in method _warnings._filters_mutated}
        1    0.000    0.000    0.000    0.000 numerictypes.py:424(_typedict)
        1    0.000    0.000    0.000    0.000 threading.py:1177(_make_invoke_excepthook)
        1    0.000    0.000    0.000    0.000 ast.py:520(Ellipsis)
        1    0.000    0.000    0.000    0.000 ast.py:505(Num)
        1    0.000    0.000    0.000    0.000 arrayprint.py:1235(BoolFormat)
        1    0.000    0.000    0.000    0.000 extras.py:214(_fromnxfunction)
        1    0.000    0.000    0.000    0.000 pathlib.py:510(_PreciseSelector)
        1    0.000    0.000    0.000    0.000 __future__.py:81(_Feature)
        1    0.000    0.000    0.000    0.000 parse.py:339(ParseResult)
        1    0.000    0.000    0.000    0.000 {built-in method numpy.core._multiarray_umath.set_typeDict}
        1    0.000    0.000    0.000    0.000 linalg.py:44(LinAlgError)
        2    0.000    0.000    0.000    0.000 arrayprint.py:493(_recursive_guard)
        1    0.000    0.000    0.000    0.000 threading.py:376(Semaphore)
        1    0.000    0.000    0.000    0.000 ast.py:476(_ABC)
        1    0.000    0.000    0.000    0.000 index_tricks.py:531(__init__)
        1    0.000    0.000    0.000    0.000 threading.py:1230(Timer)
        1    0.000    0.000    0.000    0.000 __init__.py:237(c_char_p)
        2    0.000    0.000    0.000    0.000 {method 'clear' of 'dict' objects}
        2    0.000    0.000    0.000    0.000 {method 'acquire' of '_thread.lock' objects}
        1    0.000    0.000    0.000    0.000 numbers.py:12(Number)
        1    0.000    0.000    0.000    0.000 pathlib.py:394(_Accessor)
        1    0.000    0.000    0.000    0.000 arrayprint.py:1222(IntegerFormat)
        1    0.000    0.000    0.000    0.000 core.py:903(_MaskedUnaryOperation)
        1    0.000    0.000    0.000    0.000 _globals.py:60(_NoValueType)
        1    0.000    0.000    0.000    0.000 ast.py:513(Bytes)
        3    0.000    0.000    0.000    0.000 core.py:867(__init__)
        2    0.000    0.000    0.000    0.000 {method 'keys' of 'dict' objects}
        2    0.000    0.000    0.000    0.000 tokenize.py:60(maybe)
        1    0.000    0.000    0.000    0.000 _ufunc_config.py:360(_unspecified)
        1    0.000    0.000    0.000    0.000 pathlib.py:526(_WildcardSelector)
        1    0.000    0.000    0.000    0.000 {built-in method _hashlib.openssl_sha224}
        1    0.000    0.000    0.000    0.000 tokenize.py:59(any)
        1    0.000    0.000    0.000    0.000 index_tricks.py:306(__init__)
        1    0.000    0.000    0.000    0.000 tokenize.py:162(Untokenizer)
        1    0.000    0.000    0.000    0.000 index_tricks.py:212(MGridClass)
        1    0.000    0.000    0.000    0.000 npyio.py:42(BagObj)
        1    0.000    0.000    0.000    0.000 arrayprint.py:1341(SubArrayFormat)
        1    0.000    0.000    0.000    0.000 pathlib.py:1012(PureWindowsPath)
        1    0.000    0.000    0.000    0.000 {built-in method _hashlib.openssl_sha384}
        1    0.000    0.000    0.000    0.000 pathlib.py:1002(PurePosixPath)
        5    0.000    0.000    0.000    0.000 enum.py:1009(<lambda>)
        1    0.000    0.000    0.000    0.000 threading.py:1281(_DummyThread)
        1    0.000    0.000    0.000    0.000 core.py:6821(_frommethod)
        2    0.000    0.000    0.000    0.000 index_tricks.py:762(__init__)
        1    0.000    0.000    0.000    0.000 utils.py:126(_Deprecate)
        2    0.000    0.000    0.000    0.000 core.py:883(__init__)
        1    0.000    0.000    0.000    0.000 ast.py:517(NameConstant)
        1    0.000    0.000    0.000    0.000 _endian.py:46(BigEndianStructure)
        1    0.000    0.000    0.000    0.000 __init__.py:162(c_short)
        1    0.000    0.000    0.000    0.000 ast.py:509(Str)
        1    0.000    0.000    0.000    0.000 core.py:194(<listcomp>)
        1    0.000    0.000    0.000    0.000 parse.py:345(DefragResultBytes)
        1    0.000    0.000    0.000    0.000 index_tricks.py:563(__init__)
        1    0.000    0.000    0.000    0.000 _exceptions.py:118(TooHardError)
        1    0.000    0.000    0.000    0.000 pickle.py:73(PickleError)
        1    0.000    0.000    0.000    0.000 index_tricks.py:718(IndexExpression)
        1    0.000    0.000    0.000    0.000 {method 'disable' of '_lsprof.Profiler' objects}
        1    0.000    0.000    0.000    0.000 arrayprint.py:1336(TimedeltaFormat)
        1    0.000    0.000    0.000    0.000 <string>:1(<module>)
        1    0.000    0.000    0.000    0.000 numeric.py:61(ComplexWarning)
        1    0.000    0.000    0.000    0.000 __init__.py:253(c_wchar_p)
        1    0.000    0.000    0.000    0.000 parse.py:358(ParseResultBytes)
        1    0.000    0.000    0.000    0.000 pathlib.py:504(_TerminatingSelector)
        1    0.000    0.000    0.000    0.000 copyreg.py:22(constructor)
        2    0.000    0.000    0.000    0.000 posixpath.py:41(_get_sep)
        1    0.000    0.000    0.000    0.000 threading.py:1260(_MainThread)
        1    0.000    0.000    0.000    0.000 {built-in method _hashlib.openssl_sha512}
        1    0.000    0.000    0.000    0.000 __init__.py:191(c_float)
        1    0.000    0.000    0.000    0.000 pickle.py:97(_Stop)
        1    0.000    0.000    0.000    0.000 parse.py:353(SplitResultBytes)
        1    0.000    0.000    0.000    0.000 __init__.py:227(c_byte)
        1    0.000    0.000    0.000    0.000 _internal.py:243(c_void_p)
        2    0.000    0.000    0.000    0.000 {method 'mro' of 'type' objects}
        1    0.000    0.000    0.000    0.000 core.py:797(_DomainCheckInterval)
        1    0.000    0.000    0.000    0.000 __init__.py:166(c_ushort)
        1    0.000    0.000    0.000    0.000 __init__.py:199(c_longdouble)
        1    0.000    0.000    0.000    0.000 pathlib.py:1562(PosixPath)
        1    0.000    0.000    0.000    0.000 core.py:2378(__init__)
        1    0.000    0.000    0.000    0.000 decoder.py:20(JSONDecodeError)
        1    0.000    0.000    0.000    0.000 __init__.py:243(c_void_p)
        1    0.000    0.000    0.000    0.000 __init__.py:183(c_int)
        1    0.000    0.000    0.000    0.000 __init__.py:170(c_long)
        1    0.000    0.000    0.000    0.000 dis.py:209(Instruction)
        1    0.000    0.000    0.000    0.000 __init__.py:187(c_uint)
        1    0.000    0.000    0.000    0.000 __init__.py:174(c_ulong)
        3    0.000    0.000    0.000    0.000 {method 'bit_length' of 'int' objects}
        1    0.000    0.000    0.000    0.000 __init__.py:248(c_bool)
        1    0.000    0.000    0.000    0.000 index_tricks.py:436(RClass)
        1    0.000    0.000    0.000    0.000 __init__.py:232(c_char)
        1    0.000    0.000    0.000    0.000 core.py:1329(make_mask_descr)
        1    0.000    0.000    0.000    0.000 pickle.py:84(UnpicklingError)
        1    0.000    0.000    0.000    0.000 __init__.py:220(c_ubyte)
        1    0.000    0.000    0.000    0.000 tokenize.py:157(TokenError)
        1    0.000    0.000    0.000    0.000 threading.py:261(_is_owned)
        1    0.000    0.000    0.000    0.000 core.py:840(_DomainSafeDivide)
        1    0.000    0.000    0.000    0.000 extras.py:1549(mr_class)
        1    0.000    0.000    0.000    0.000 polyutils.py:47(RankWarning)
        1    0.000    0.000    0.000    0.000 {built-in method _thread._set_sentinel}
        1    0.000    0.000    0.000    0.000 inspect.py:897(BlockFinder)
        1    0.000    0.000    0.000    0.000 {built-in method numpy._set_promotion_state}
        1    0.000    0.000    0.000    0.000 core.py:822(_DomainTan)
        1    0.000    0.000    0.000    0.000 pickle.py:77(PicklingError)
        1    0.000    0.000    0.000    0.000 threading.py:456(BoundedSemaphore)
        1    0.000    0.000    0.000    0.000 {built-in method _hashlib.openssl_sha256}
        2    0.000    0.000    0.000    0.000 {method 'end' of 're.Match' objects}
        1    0.000    0.000    0.000    0.000 __init__.py:258(c_wchar)
        1    0.000    0.000    0.000    0.000 index_tricks.py:538(CClass)
        1    0.000    0.000    0.000    0.000 extras.py:264(_fromnxfunction_single)
        1    0.000    0.000    0.000    0.000 core.py:861(_DomainGreater)
        1    0.000    0.000    0.000    0.000 threading.py:896(_set_ident)
        1    0.000    0.000    0.000    0.000 core.py:830(__init__)
        1    0.000    0.000    0.000    0.000 {built-in method numpy.core._multiarray_umath._set_madvise_hugepage}
        1    0.000    0.000    0.000    0.000 polynomial.py:28(RankWarning)
        1    0.000    0.000    0.000    0.000 _globals.py:33(ModuleDeprecationWarning)
        1    0.000    0.000    0.000    0.000 __init__.py:195(c_double)
        1    0.000    0.000    0.000    0.000 {built-in method numpy.core._multiarray_umath._reload_guard}
        1    0.000    0.000    0.000    0.000 inspect.py:2420(_void)
        1    0.000    0.000    0.000    0.000 core.py:84(MaskedArrayFutureWarning)
        1    0.000    0.000    0.000    0.000 core.py:893(_MaskedUFunc)
        1    0.000    0.000    0.000    0.000 inspect.py:2424(_empty)
        1    0.000    0.000    0.000    0.000 threading.py:727(BrokenBarrierError)
        1    0.000    0.000    0.000    0.000 extras.py:295(_fromnxfunction_args)
        1    0.000    0.000    0.000    0.000 extras.py:282(_fromnxfunction_seq)
        1    0.000    0.000    0.000    0.000 core.py:877(_DomainGreaterEqual)
        1    0.000    0.000    0.000    0.000 _iotools.py:429(ConverterLockError)
        1    0.000    0.000    0.000    0.000 extras.py:320(_fromnxfunction_allargs)
        1    0.000    0.000    0.000    0.000 _globals.py:47(VisibleDeprecationWarning)
        1    0.000    0.000    0.000    0.000 {built-in method math.sqrt}
        1    0.000    0.000    0.000    0.000 _iotools.py:421(ConverterError)
        1    0.000    0.000    0.000    0.000 multiarray.py:152(concatenate)
        1    0.000    0.000    0.000    0.000 core.py:148(MAError)
        1    0.000    0.000    0.000    0.000 _iotools.py:437(ConversionWarning)
        1    0.000    0.000    0.000    0.000 core.py:156(MaskError)
        1    0.000    0.000    0.000    0.000 multiarray.py:1079(copyto)
        1    0.000    0.000    0.000    0.000 random.py:729(seed)
        1    0.000    0.000    0.000    0.000 tokenize.py:159(StopTokenizing)
        1    0.000    0.000    0.000    0.000 inspect.py:895(EndOfBlock)
        1    0.000    0.000    0.000    0.000 threading.py:1095(daemon)
        1    0.000    0.000    0.000    0.000 _distributor_init.py:1(<module>)
        1    0.000    0.000    0.000    0.000 contextlib.py:59(_recreate_cm)
        1    0.000    0.000    0.000    0.000 {method '__enter__' of '_thread.lock' objects}
        1    0.000    0.000    0.000    0.000 {method '__exit__' of '_thread.lock' objects}


